Archive Project report for skeleton
Thu Nov 21 21:11:25 2019
Quartus Prime Version 16.0.0 Build 211 04/27/2016 SJ Lite Edition


---------------------
; Table of Contents ;
---------------------
  1. Legal Notice
  2. Archive Project Summary
  3. Archive Project Messages
  4. Files Archived



----------------
; Legal Notice ;
----------------
Copyright (C) 1991-2016 Altera Corporation. All rights reserved.
Your use of Altera Corporation's design tools, logic functions 
and other software and tools, and its AMPP partner logic 
functions, and any output files from any of the foregoing 
(including device programming or simulation files), and any 
associated documentation or information are expressly subject 
to the terms and conditions of the Altera Program License 
Subscription Agreement, the Altera Quartus Prime License Agreement,
the Altera MegaCore Function License Agreement, or other 
applicable license agreement, including, without limitation, 
that your use is for the sole purpose of programming logic 
devices manufactured by Altera and sold by Altera or its 
authorized distributors.  Please refer to the applicable 
agreement for further details.



+----------------------------------------------------------------+
; Archive Project Summary                                        ;
+------------------------+---------------------------------------+
; Archive Project Status ; Successful - Thu Nov 21 21:11:25 2019 ;
; Revision Name          ; skeleton                              ;
; Top-level Entity Name  ; skeleton                              ;
; Family                 ; Cyclone IV E                          ;
+------------------------+---------------------------------------+


+--------------------------+
; Archive Project Messages ;
+--------------------------+
Info: File Set 'Source control' contains:
    Info: Project source and settings files
    Info: Automatically detected source files
Info: Archive will store files relative to the closest common parent directory
Info (13213): Using common directory C:/Users/Feroze/Google Drive/DUKE 2016-2020/piano-ece-350-fall-19/piano/
Info: ----------------------------------------------------------
Info: ----------------------------------------------------------
Info: Generated archive 'C:/Users/Feroze/Google Drive/DUKE 2016-2020/piano-ece-350-fall-19/piano/skeleton.qar'
Info: ----------------------------------------------------------
Info: ----------------------------------------------------------
Info: Generated report 'skeleton.archive.rpt'
Info (23030): Evaluation of Tcl script c:/altera_lite/16.0/quartus/common/tcl/apps/qpm/qar.tcl was successful
Info: Quartus Prime Shell was successful. 0 errors, 0 warnings
    Info: Peak virtual memory: 5104 megabytes
    Info: Processing ended: Thu Nov 21 21:11:26 2019
    Info: Elapsed time: 00:00:14
    Info: Total CPU time (on all processors): 00:00:11


+----------------------------------+
; Files Archived                   ;
+----------------------------------+
; File Name                        ;
+----------------------------------+
; Altera_UP_PS2_Command_Out.v      ;
; Altera_UP_PS2_Data_In.v          ;
; assignment_defaults.qdf          ;
; dmem.cmp                         ;
; dmem.mif                         ;
; dmem.qip                         ;
; dmem.v                           ;
; dmem_inst.v                      ;
; Hexadecimal_To_Seven_Segment.v   ;
; imem.cmp                         ;
; imem.mif                         ;
; imem.qip                         ;
; imem.v                           ;
; imem_inst.v                      ;
; img_bars.mif                     ;
; img_data.v                       ;
; img_data_logo.mif                ;
; img_index.v                      ;
; index.mif                        ;
; index_logo.mif                   ;
; lab7_img_data.mif                ;
; lab7_img_index.mif               ;
; lcd.sv                           ;
; pll.bsf                          ;
; pll.cmp                          ;
; pll.ppf                          ;
; pll.qip                          ;
; pll.v                            ;
; processor.v                      ;
; PS2_Controller.v                 ;
; PS2_Interface.v                  ;
; Reset_Delay.v                    ;
; skeleton.qpf                     ;
; skeleton.qsf                     ;
; skeleton.v                       ;
; skeleton_assignment_defaults.qdf ;
; VGA_Audio_PLL.v                  ;
; vga_controller.v                 ;
; video_sync_generator.v           ;
+----------------------------------+


